[ 2026-01-03 19:08:26,047 ] 69 ODP - INFO - ================================================================================
[ 2026-01-03 19:08:26,047 ] 70 ODP - INFO - YOLOv7 Real-time Object Detection Pipeline Started
[ 2026-01-03 19:08:26,047 ] 71 ODP - INFO - ================================================================================
[ 2026-01-03 19:08:26,047 ] 44 ODP - INFO - Initializing YOLO Detector...
[ 2026-01-03 19:08:26,047 ] 29 ODP - INFO - model exists at: /Users/dmohanty/Music/preply_proj/1st_proj/detect/train/weights/best.pt
[ 2026-01-03 19:08:26,047 ] 61 ODP - INFO - Using device: cpu
[ 2026-01-03 19:08:26,047 ] 66 ODP - INFO - Loading model with Ultralytics from: /Users/dmohanty/Music/preply_proj/1st_proj/detect/train/weights/best.pt
[ 2026-01-03 19:08:26,080 ] 76 ODP - INFO - Model loaded successfully with Ultralytics
[ 2026-01-03 19:08:26,080 ] 77 ODP - INFO - Model loaded successfully with 3 classes
[ 2026-01-03 19:08:26,080 ] 78 ODP - INFO - Classes: ['Anime', 'Victoriya', 'fight']
[ 2026-01-03 19:08:26,080 ] 93 ODP - INFO - Starting real-time object detection...
[ 2026-01-03 19:08:26,080 ] 94 ODP - INFO - Press 'q' in the detection window to quit
[ 2026-01-03 19:08:26,080 ] 208 ODP - INFO - Starting camera detection with camera ID: 0
[ 2026-01-03 19:08:26,983 ] 216 ODP - INFO - Camera opened successfully
[ 2026-01-03 19:08:26,983 ] 217 ODP - INFO - Press 'q' to quit the detection
[ 2026-01-03 19:08:34,603 ] 15 ODP - INFO - Error occured in file: [/Users/dmohanty/Music/preply_proj/1st_proj/server.py] at line number [259] error message [OpenCV(4.12.0) /Users/xperience/GHA-Actions-OpenCV/_work/opencv-python/opencv-python/opencv/modules/imgproc/src/resize.cpp:4208: error: (-215:Assertion failed) !ssize.empty() in function 'resize'
]
[ 2026-01-03 19:08:34,603 ] 15 ODP - INFO - Error occured in file: [/Users/dmohanty/Music/preply_proj/1st_proj/main.py] at line number [96] error message [Error occured in file: [/Users/dmohanty/Music/preply_proj/1st_proj/server.py] at line number [259] error message [OpenCV(4.12.0) /Users/xperience/GHA-Actions-OpenCV/_work/opencv-python/opencv-python/opencv/modules/imgproc/src/resize.cpp:4208: error: (-215:Assertion failed) !ssize.empty() in function 'resize'
]]
